-------------------------------------------------------------------------------
Test set: Game21Test
-------------------------------------------------------------------------------
Tests run: 1, Failures: 1, Errors: 0, Skipped: 0, Time elapsed: 0.003 sec <<< FAILURE!
Game21Test.testSemBlackjack()  Time elapsed: 0.003 sec  <<< FAILURE!
java.lang.RuntimeException: java.nio.file.NoSuchFileException: file:/Users/nikolalex2020/Downloads/game21/target/classes/testSemBlackjack.txt
	at org.example.Game21.initDeck(Game21.java:35)
	at org.example.Game21.<init>(Game21.java:24)
	at Game21Test.testSemBlackjack(Game21Test.java:20)
Caused by: java.nio.file.NoSuchFileException: file:/Users/nikolalex2020/Downloads/game21/target/classes/testSemBlackjack.txt
	at java.base/sun.nio.fs.UnixException.translateToIOException(UnixException.java:92)
	at java.base/sun.nio.fs.UnixException.rethrowAsIOException(UnixException.java:106)
	at java.base/sun.nio.fs.UnixException.rethrowAsIOException(UnixException.java:111)
	at java.base/sun.nio.fs.UnixFileSystemProvider.newByteChannel(UnixFileSystemProvider.java:218)
	at java.base/java.nio.file.Files.newByteChannel(Files.java:380)
	at java.base/java.nio.file.Files.newByteChannel(Files.java:432)
	at java.base/java.nio.file.spi.FileSystemProvider.newInputStream(FileSystemProvider.java:422)
	at java.base/java.nio.file.Files.newInputStream(Files.java:160)
	at java.base/java.nio.file.Files.newBufferedReader(Files.java:2922)
	at java.base/java.nio.file.Files.readAllLines(Files.java:3412)
	at java.base/java.nio.file.Files.readAllLines(Files.java:3453)
	at org.example.Game21.initDeck(Game21.java:32)
	... 20 more

